[    0.000000] Initializing cgroup subsys cpuset
[    0.000000] Initializing cgroup subsys cpu
[    0.000000] Initializing cgroup subsys cpuacct
[    0.000000] Linux version 4.4.0-116-generic (buildd@lgw01-amd64-021) (gcc version 5.4.0 20160609 (Ubuntu 5.4.0-6ubuntu1~16.04.9) ) #140-Ubuntu SMP Mon Feb 12 21:23:04 UTC 2018 (Ubuntu 4.4.0-116.140-generic 4.4.98)
[    0.000000] Command line: BOOT_IMAGE=/boot/vmlinuz-4.4.0-116-generic root=LABEL=cloudimg-rootfs ro console=tty1 console=ttyS0
[    0.000000] KERNEL supported cpus:
[    0.000000]   Intel GenuineIntel
[    0.000000]   AMD AuthenticAMD
[    0.000000]   Centaur CentaurHauls
[    0.000000] x86/fpu: xstate_offset[2]:  576, xstate_sizes[2]:  256
[    0.000000] x86/fpu: Supporting XSAVE feature 0x01: 'x87 floating point registers'
[    0.000000] x86/fpu: Supporting XSAVE feature 0x02: 'SSE registers'
[    0.000000] x86/fpu: Supporting XSAVE feature 0x04: 'AVX registers'
[    0.000000] x86/fpu: Enabled xstate features 0x7, context size is 832 bytes, using 'standard' format.
[    0.000000] x86/fpu: Using 'lazy' FPU context switches.
[    0.000000] e820: BIOS-provided physical RAM map:
[    0.000000] BIOS-e820: [mem 0x0000000000000000-0x000000000009fbff] usable
[    0.000000] BIOS-e820: [mem 0x000000000009fc00-0x000000000009ffff] reserved
[    0.000000] BIOS-e820: [mem 0x00000000000f0000-0x00000000000fffff] reserved
[    0.000000] BIOS-e820: [mem 0x0000000000100000-0x000000007ffeffff] usable
[    0.000000] BIOS-e820: [mem 0x000000007fff0000-0x000000007fffffff] ACPI data
[    0.000000] BIOS-e820: [mem 0x00000000fec00000-0x00000000fec00fff] reserved
[    0.000000] BIOS-e820: [mem 0x00000000fee00000-0x00000000fee00fff] reserved
[    0.000000] BIOS-e820: [mem 0x00000000fffc0000-0x00000000ffffffff] reserved
[    0.000000] NX (Execute Disable) protection: active
[    0.000000] SMBIOS 2.5 present.
[    0.000000] Hypervisor detected: KVM
[    0.000000] e820: last_pfn = 0x7fff0 max_arch_pfn = 0x400000000
[    0.000000] MTRR: Disabled
[    0.000000] x86/PAT: MTRRs disabled, skipping PAT initialization too.
[    0.000000] CPU MTRRs all blank - virtualized system.
[    0.000000] x86/PAT: Configuration [0-7]: WB  WT  UC- UC  WB  WT  UC- UC  
[    0.000000] found SMP MP-table at [mem 0x0009fff0-0x0009ffff] mapped at [ffff88000009fff0]
[    0.000000] Scanning 1 areas for low memory corruption
[    0.000000] RAMDISK: [mem 0x36aaa000-0x3754cfff]
[    0.000000] ACPI: Early table checksum verification disabled
[    0.000000] ACPI: RSDP 0x00000000000E0000 000024 (v02 VBOX  )
[    0.000000] ACPI: XSDT 0x000000007FFF0030 00003C (v01 VBOX   VBOXXSDT 00000001 ASL  00000061)
[    0.000000] ACPI: FACP 0x000000007FFF00F0 0000F4 (v04 VBOX   VBOXFACP 00000001 ASL  00000061)
[    0.000000] ACPI: DSDT 0x000000007FFF0470 0021C8 (v02 VBOX   VBOXBIOS 00000002 INTL 20100528)
[    0.000000] ACPI: FACS 0x000000007FFF0200 000040
[    0.000000] ACPI: FACS 0x000000007FFF0200 000040
[    0.000000] ACPI: APIC 0x000000007FFF0240 00005C (v02 VBOX   VBOXAPIC 00000001 ASL  00000061)
[    0.000000] ACPI: SSDT 0x000000007FFF02A0 0001CC (v01 VBOX   VBOXCPUT 00000002 INTL 20100528)
[    0.000000] No NUMA configuration found
[    0.000000] Faking a node at [mem 0x0000000000000000-0x000000007ffeffff]
[    0.000000] NODE_DATA(0) allocated [mem 0x7ffeb000-0x7ffeffff]
[    0.000000] kvm-clock: Using msrs 4b564d01 and 4b564d00
[    0.000000] kvm-clock: cpu 0, msr 0:7ffe3001, primary cpu clock
[    0.000000] kvm-clock: using sched offset of 3102782582 cycles
[    0.000000] clocksource: kvm-clock: mask: 0xffffffffffffffff max_cycles: 0x1cd42e4dffb, max_idle_ns: 881590591483 ns
[    0.000000] Zone ranges:
[    0.000000]   DMA      [mem 0x0000000000001000-0x0000000000ffffff]
[    0.000000]   DMA32    [mem 0x0000000001000000-0x000000007ffeffff]
[    0.000000]   Normal   empty
[    0.000000]   Device   empty
[    0.000000] Movable zone start for each node
[    0.000000] Early memory node ranges
[    0.000000]   node   0: [mem 0x0000000000001000-0x000000000009efff]
[    0.000000]   node   0: [mem 0x0000000000100000-0x000000007ffeffff]
[    0.000000] Initmem setup node 0 [mem 0x0000000000001000-0x000000007ffeffff]
[    0.000000] ACPI: PM-Timer IO Port: 0x4008
[    0.000000] IOAPIC[0]: apic_id 2, version 32, address 0xfec00000, GSI 0-23
[    0.000000] ACPI: INT_SRC_OVR (bus 0 bus_irq 0 global_irq 2 dfl dfl)
[    0.000000] ACPI: INT_SRC_OVR (bus 0 bus_irq 9 global_irq 9 high level)
[    0.000000] Using ACPI (MADT) for SMP configuration information
[    0.000000] smpboot: Allowing 2 CPUs, 0 hotplug CPUs
[    0.000000] PM: Registered nosave memory: [mem 0x00000000-0x00000fff]
[    0.000000] PM: Registered nosave memory: [mem 0x0009f000-0x0009ffff]
[    0.000000] PM: Registered nosave memory: [mem 0x000a0000-0x000effff]
[    0.000000] PM: Registered nosave memory: [mem 0x000f0000-0x000fffff]
[    0.000000] e820: [mem 0x80000000-0xfebfffff] available for PCI devices
[    0.000000] Booting paravirtualized kernel on KVM
[    0.000000] clocksource: refined-jiffies: mask: 0xffffffff max_cycles: 0xffffffff, max_idle_ns: 7645519600211568 ns
[    0.000000] setup_percpu: NR_CPUS:512 nr_cpumask_bits:512 nr_cpu_ids:2 nr_node_ids:1
[    0.000000] PERCPU: Embedded 34 pages/cpu @ffff88007fc00000 s99544 r8192 d31528 u1048576
[    0.000000] PV qspinlock hash table entries: 256 (order: 0, 4096 bytes)
[    0.000000] Built 1 zonelists in Node order, mobility grouping on.  Total pages: 515961
[    0.000000] Policy zone: DMA32
[    0.000000] Kernel command line: BOOT_IMAGE=/boot/vmlinuz-4.4.0-116-generic root=LABEL=cloudimg-rootfs ro console=tty1 console=ttyS0
[    0.000000] PID hash table entries: 4096 (order: 3, 32768 bytes)
[    0.000000] Memory: 2033832K/2096696K available (8530K kernel code, 1309K rwdata, 3992K rodata, 1508K init, 1316K bss, 62864K reserved, 0K cma-reserved)
[    0.000000] SLUB: HWalign=64, Order=0-3, MinObjects=0, CPUs=2, Nodes=1
[    0.000000] Kernel/User page tables isolation: enabled
[    0.000000] Hierarchical RCU implementation.
[    0.000000] 	Build-time adjustment of leaf fanout to 64.
[    0.000000] 	RCU restricting CPUs from NR_CPUS=512 to nr_cpu_ids=2.
[    0.000000] RCU: Adjusting geometry for rcu_fanout_leaf=64, nr_cpu_ids=2
[    0.000000] NR_IRQS:33024 nr_irqs:440 16
[    0.000000] Console: colour VGA+ 80x25
[    0.000000] console [tty1] enabled
[    0.000000] console [ttyS0] enabled
[    0.000000] tsc: Detected 2394.570 MHz processor
[   11.946260] Calibrating delay loop (skipped) preset value.. 4789.14 BogoMIPS (lpj=9578280)
[   12.007413] pid_max: default: 32768 minimum: 301
[   12.089875] ACPI: Core revision 20150930
[   12.108483] ACPI: 2 ACPI AML tables successfully acquired and loaded
[   12.139989] Security Framework initialized
[   12.144709] Yama: becoming mindful.
[   12.148591] AppArmor: AppArmor initialized
[   12.160958] Dentry cache hash table entries: 262144 (order: 9, 2097152 bytes)
[   12.168844] Inode-cache hash table entries: 131072 (order: 8, 1048576 bytes)
[   12.179135] Mount-cache hash table entries: 4096 (order: 3, 32768 bytes)
[   12.188841] Mountpoint-cache hash table entries: 4096 (order: 3, 32768 bytes)
[   12.196479] Initializing cgroup subsys io
[   12.208930] Initializing cgroup subsys memory
[   12.213360] Initializing cgroup subsys devices
[   12.217730] Initializing cgroup subsys freezer
[   12.221491] Initializing cgroup subsys net_cls
[   12.230009] Initializing cgroup subsys perf_event
[   12.237520] Initializing cgroup subsys net_prio
[   12.261615] Initializing cgroup subsys hugetlb
[   12.266370] Initializing cgroup subsys pids
[   12.304458] CPU: Physical Processor ID: 0
[   12.317450] CPU: Processor Core ID: 0
[   12.370961] FEATURE SPEC_CTRL Not Present
[   12.375778] mce: CPU supports 0 MCE banks
[   12.379711] Last level iTLB entries: 4KB 512, 2MB 8, 4MB 8
[   12.385742] Last level dTLB entries: 4KB 512, 2MB 32, 4MB 32, 1GB 0
[   12.398677] Spectre V2 mitigation: Mitigation: Full generic retpoline
[   12.472764] Spectre V2 mitigation: Speculation control IBPB not-supported IBRS not-supported
[   12.567280] Freeing SMP alternatives memory: 32K
[   12.787215] ftrace: allocating 32186 entries in 126 pages
[   13.257212] smpboot: APIC(0) Converting physical 0 to logical package 0
[   13.278942] smpboot: Max logical packages: 1
[   13.284106] x2apic enabled
[   13.290370] Switched APIC routing to physical x2apic.
[   13.365068] ..TIMER: vector=0x30 apic1=0 pin1=2 apic2=-1 pin2=-1
[   13.575797] APIC calibration not consistent with PM-Timer: 183ms instead of 100ms
[   13.800931] APIC delta adjusted to PM-Timer: 6255590 (11493887)
[   14.009743] smpboot: CPU0: Intel(R) Core(TM) i7-3630QM CPU @ 2.40GHz (family: 0x6, model: 0x3a, stepping: 0x9)
[   14.180166] Performance Events: unsupported p6 CPU model 58 no PMU driver, software events only.
[   14.271388] KVM setup paravirtual spinlock
[   14.301818] x86: Booting SMP configuration:
[   14.308895] .... node  #0, CPUs:      #1
[   14.312479] kvm-clock: cpu 1, msr 0:7ffe3041, secondary cpu clock
[   14.316913] mce: CPU supports 0 MCE banks
[   14.321817] x86: Booted up 1 node, 2 CPUs
[   14.335245] smpboot: Total of 2 processors activated (9578.28 BogoMIPS)
[   14.382504] devtmpfs: initialized
[   14.391933] evm: security.selinux
[   14.395032] evm: security.SMACK64
[   14.405692] evm: security.SMACK64EXEC
[   14.408956] evm: security.SMACK64TRANSMUTE
[   14.414859] evm: security.SMACK64MMAP
[   14.418060] evm: security.ima
[   14.421127] evm: security.capability
[   14.425806] clocksource: jiffies: mask: 0xffffffff max_cycles: 0xffffffff, max_idle_ns: 7645041785100000 ns
[   14.435649] futex hash table entries: 512 (order: 3, 32768 bytes)
[   14.451828] pinctrl core: initialized pinctrl subsystem
[   14.456846] RTC time: 22:30:42, date: 06/02/19
[   14.464199] NET: Registered protocol family 16
[   14.479009] cpuidle: using governor ladder
[   14.495690] cpuidle: using governor menu
[   14.499363] PCCT header not found.
[   14.502795] ACPI: bus type PCI registered
[   14.506216] acpiphp: ACPI Hot Plug PCI Controller Driver version: 0.5
[   14.511367] PCI: Using configuration type 1 for base access
[   14.532845] ACPI: Added _OSI(Module Device)
[   14.542207] ACPI: Added _OSI(Processor Device)
[   14.550904] ACPI: Added _OSI(3.0 _SCP Extensions)
[   14.557010] ACPI: Added _OSI(Processor Aggregator Device)
[   14.564318] ACPI: Executed 1 blocks of module-level executable AML code
[   14.579733] ACPI: Interpreter enabled
[   14.585572] ACPI: (supports S0 S5)
[   14.590019] ACPI: Using IOAPIC for interrupt routing
[   14.600076] PCI: Using host bridge windows from ACPI; if necessary, use "pci=nocrs" and report a bug
[   14.631213] ACPI: PCI Root Bridge [PCI0] (domain 0000 [bus 00-ff])
[   14.641915] acpi PNP0A03:00: _OSC: OS supports [ASPM ClockPM Segments MSI]
[   14.647034] acpi PNP0A03:00: _OSC failed (AE_NOT_FOUND); disabling ASPM
[   14.652399] acpi PNP0A03:00: fail to add MMCONFIG information, can't access extended PCI configuration space under this bridge.
[   14.661786] PCI host bridge to bus 0000:00
[   14.665528] pci_bus 0000:00: root bus resource [io  0x0000-0x0cf7 window]
[   14.692624] pci_bus 0000:00: root bus resource [io  0x0d00-0xffff window]
[   14.706120] pci_bus 0000:00: root bus resource [mem 0x000a0000-0x000bffff window]
[   14.710182] pci_bus 0000:00: root bus resource [mem 0x80000000-0xffdfffff window]
[   14.716985] pci_bus 0000:00: root bus resource [bus 00-ff]
[   14.740456] pci 0000:00:01.1: legacy IDE quirk: reg 0x10: [io  0x01f0-0x01f7]
[   14.761266] pci 0000:00:01.1: legacy IDE quirk: reg 0x14: [io  0x03f6]
[   14.773522] pci 0000:00:01.1: legacy IDE quirk: reg 0x18: [io  0x0170-0x0177]
[   14.779923] pci 0000:00:01.1: legacy IDE quirk: reg 0x1c: [io  0x0376]
[   14.819850] pci 0000:00:07.0: quirk: [io  0x4000-0x403f] claimed by PIIX4 ACPI
[   14.839392] pci 0000:00:07.0: quirk: [io  0x4100-0x410f] claimed by PIIX4 SMB
[   14.866177] ACPI: PCI Interrupt Link [LNKA] (IRQs 5 9 10 *11)
[   14.871242] ACPI: PCI Interrupt Link [LNKB] (IRQs 5 9 10 *11)
[   14.880528] ACPI: PCI Interrupt Link [LNKC] (IRQs 5 9 *10 11)
[   14.883036] ACPI: PCI Interrupt Link [LNKD] (IRQs 5 *9 10 11)
[   14.888054] ACPI: Enabled 2 GPEs in block 00 to 07
[   14.896899] vgaarb: setting as boot device: PCI:0000:00:02.0
[   14.899546] vgaarb: device added: PCI:0000:00:02.0,decodes=io+mem,owns=io+mem,locks=none
[   14.902170] vgaarb: loaded
[   14.904864] vgaarb: bridge control possible 0000:00:02.0
[   14.906570] SCSI subsystem initialized
[   14.917739] ACPI: bus type USB registered
[   14.926621] usbcore: registered new interface driver usbfs
[   14.929851] usbcore: registered new interface driver hub
[   14.933050] usbcore: registered new device driver usb
[   14.935997] PCI: Using ACPI for IRQ routing
[   14.948132] NetLabel: Initializing
[   14.949272] NetLabel:  domain hash size = 128
[   14.950703] NetLabel:  protocols = UNLABELED CIPSOv4
[   14.960892] NetLabel:  unlabeled traffic allowed by default
[   14.968776] amd_nb: Cannot enumerate AMD northbridges
[   14.976584] clocksource: Switched to clocksource kvm-clock
[   14.997031] AppArmor: AppArmor Filesystem Enabled
[   15.000144] pnp: PnP ACPI init
[   15.031218] pnp: PnP ACPI: found 3 devices
[   15.055184] clocksource: acpi_pm: mask: 0xffffff max_cycles: 0xffffff, max_idle_ns: 2085701024 ns
[   15.065197] NET: Registered protocol family 2
[   15.080261] TCP established hash table entries: 16384 (order: 5, 131072 bytes)
[   15.108787] TCP bind hash table entries: 16384 (order: 6, 262144 bytes)
[   15.121598] TCP: Hash tables configured (established 16384 bind 16384)
[   15.131809] UDP hash table entries: 1024 (order: 3, 32768 bytes)
[   15.149688] UDP-Lite hash table entries: 1024 (order: 3, 32768 bytes)
[   15.160928] NET: Registered protocol family 1
[   15.172774] pci 0000:00:00.0: Limiting direct PCI/PCI transfers
[   15.196562] pci 0000:00:01.0: Activating ISA DMA hang workarounds
[   15.198625] Unpacking initramfs...
[   17.548183] Freeing initrd memory: 10892K
[   17.568854] RAPL PMU detected, API unit is 2^-32 Joules, 3 fixed counters 10737418240 ms ovfl timer
[   17.593312] hw unit of domain pp0-core 2^-0 Joules
[   17.652814] hw unit of domain package 2^-0 Joules
[   17.696045] hw unit of domain pp1-gpu 2^-0 Joules
[   17.711340] platform rtc_cmos: registered platform RTC device (no PNP device found)
[   17.737987] Scanning for low memory corruption every 60 seconds
[   17.758060] audit: initializing netlink subsys (disabled)
[   17.762439] audit: type=2000 audit(1559514636.043:1): initialized
[   17.772695] Initialise system trusted keyring
[   17.776038] HugeTLB registered 2 MB page size, pre-allocated 0 pages
[   17.781982] zbud: loaded
[   17.791299] VFS: Disk quotas dquot_6.6.0
[   17.794505] VFS: Dquot-cache hash table entries: 512 (order 0, 4096 bytes)
[   17.800197] squashfs: version 4.0 (2009/01/31) Phillip Lougher
[   17.811137] fuse init (API version 7.23)
[   17.824694] Key type big_key registered
[   17.827530] Allocating IMA MOK and blacklist keyrings.
[   17.833459] Key type asymmetric registered
[   17.840091] Asymmetric key parser 'x509' registered
[   17.843212] Block layer SCSI generic (bsg) driver version 0.4 loaded (major 249)
[   17.847728] io scheduler noop registered
[   17.848717] io scheduler deadline registered (default)
[   17.849968] io scheduler cfq registered
[   17.851296] pci_hotplug: PCI Hot Plug PCI Core version: 0.5
[   17.852560] pciehp: PCI Express Hot Plug Controller Driver version: 0.4
[   17.857072] ACPI: AC Adapter [AC] (off-line)
[   17.859561] input: Power Button as /devices/LNXSYSTM:00/LNXPWRBN:00/input/input0
[   17.877257] ACPI: Power Button [PWRF]
[   17.883922] input: Sleep Button as /devices/LNXSYSTM:00/LNXSLPBN:00/input/input1
[   17.901925] ACPI: Sleep Button [SLPF]
[   17.916575] ACPI: Battery Slot [BAT0] (battery present)
[   17.920857] GHES: HEST is not enabled!
[   17.943857] Serial: 8250/16550 driver, 32 ports, IRQ sharing enabled
[   17.968050] 00:02: ttyS0 at I/O 0x3f8 (irq = 4, base_baud = 115200) is a 16550A
[   17.973997] Linux agpgart interface v0.103
[   17.980957] loop: module loaded
[   17.984737] scsi host0: ata_piix
[   17.991417] scsi host1: ata_piix
[   17.997030] ata1: PATA max UDMA/33 cmd 0x1f0 ctl 0x3f6 bmdma 0xd000 irq 14
[   17.998221] ata2: PATA max UDMA/33 cmd 0x170 ctl 0x376 bmdma 0xd008 irq 15
[   17.999595] libphy: Fixed MDIO Bus: probed
[   18.008902] tun: Universal TUN/TAP device driver, 1.6
[   18.009841] tun: (C) 1999-2004 Max Krasnyansky <maxk@qualcomm.com>
[   18.012900] PPP generic driver version 2.4.2
[   18.013853] ehci_hcd: USB 2.0 'Enhanced' Host Controller (EHCI) Driver
[   18.015114] ehci-pci: EHCI PCI platform driver
[   18.018083] ehci-platform: EHCI generic platform driver
[   18.021379] ohci_hcd: USB 1.1 'Open' Host Controller (OHCI) Driver
[   18.023854] ohci-pci: OHCI PCI platform driver
[   18.024738] ohci-platform: OHCI generic platform driver
[   18.025731] uhci_hcd: USB Universal Host Controller Interface driver
[   18.053087] i8042: PNP: PS/2 Controller [PNP0303:PS2K,PNP0f03:PS2M] at 0x60,0x64 irq 1,12
[   18.057641] serio: i8042 KBD port at 0x60,0x64 irq 1
[   18.077413] serio: i8042 AUX port at 0x60,0x64 irq 12
[   18.084636] mousedev: PS/2 mouse device common for all mice
[   18.093528] input: AT Translated Set 2 keyboard as /devices/platform/i8042/serio0/input/input2
[   18.111238] rtc_cmos rtc_cmos: rtc core: registered rtc_cmos as rtc0
[   18.146136] rtc_cmos rtc_cmos: alarms up to one day, 114 bytes nvram
[   18.157864] i2c /dev entries driver
[   18.169149] device-mapper: uevent: version 1.0.3
[   18.182787] device-mapper: ioctl: 4.34.0-ioctl (2015-10-28) initialised: dm-devel@redhat.com
[   18.194995] ledtrig-cpu: registered to indicate activity on CPUs
[   18.207169] NET: Registered protocol family 10
[   18.210619] NET: Registered protocol family 17
[   18.218453] Key type dns_resolver registered
[   18.221751] microcode: CPU0 sig=0x306a9, pf=0x2, revision=0x19
[   18.237664] microcode: CPU1 sig=0x306a9, pf=0x2, revision=0x19
[   18.248347] microcode: Microcode Update Driver: v2.01 <tigran@aivazian.fsnet.co.uk>, Peter Oruba
[   18.251861] registered taskstats version 1
[   18.266349] Loading compiled-in X.509 certificates
[   18.273514] Loaded X.509 cert 'Build time autogenerated kernel key: aa84f01984fbd529c105810b59e379d349698248'
[   18.289045] zswap: loaded using pool lzo/zbud
[   18.302150] Key type trusted registered
[   18.315442] Key type encrypted registered
[   18.332975] AppArmor: AppArmor sha1 policy hashing enabled
[   18.354701] ima: No TPM chip found, activating TPM-bypass!
[   18.377113] evm: HMAC attrs: 0x1
[   18.378336]   Magic number: 7:960:551
[   18.389677] tty ttyS27: hash matches
[   18.416661] acpi PNP0C0F:02: hash matches
[   18.425556] rtc_cmos rtc_cmos: setting system clock to 2019-06-02 22:30:46 UTC (1559514646)
[   18.428218] BIOS EDD facility v0.16 2004-Jun-25, 0 devices found
[   18.441364] EDD information not available.
[   18.452758] Freeing unused kernel memory: 1508K
[   18.460186] Write protecting the kernel read-only data: 14336k
[   18.462541] Freeing unused kernel memory: 1700K
[   18.470687] Freeing unused kernel memory: 104K
Loading, please wait...
starting version[   18.499374] random: systemd-udevd: uninitialized urandom read (16 bytes read, 3 bits of entropy available)
 229
[   18.500391] random: udevadm: uninitialized urandom read (16 bytes read, 3 bits of entropy available)
[   18.500427] random: udevadm: uninitialized urandom read (16 bytes read, 3 bits of entropy available)
[   18.517708] random: systemd-udevd: uninitialized urandom read (16 bytes read, 3 bits of entropy available)
[   18.518081] random: udevadm: uninitialized urandom read (16 bytes read, 3 bits of entropy available)
[   18.518158] random: udevadm: uninitialized urandom read (16 bytes read, 3 bits of entropy available)
[   18.518865] random: udevadm: uninitialized urandom read (16 bytes read, 3 bits of entropy available)
[   18.518976] random: udevadm: uninitialized urandom read (16 bytes read, 3 bits of entropy available)
[   18.519073] random: udevadm: uninitialized urandom read (16 bytes read, 3 bits of entropy available)
[   18.519184] random: udevadm: uninitialized urandom read (16 bytes read, 3 bits of entropy available)
[   18.605882] e1000: Intel(R) PRO/1000 Network Driver - version 7.3.21-k8-NAPI
[   18.618104] e1000: Copyright (c) 1999-2006 Intel Corporation.
[   18.646061] Fusion MPT base driver 3.04.20
[   18.655291] Copyright (c) 1999-2008 LSI Corporation
[   18.666015] Fusion MPT SPI Host driver 3.04.20
[   18.675433] AVX version of gcm_enc/dec engaged.
[   18.685406] AES CTR mode by8 optimization enabled
[   18.716015] tsc: Refined TSC clocksource calibration: 2396.100 MHz
[   18.745740] clocksource: tsc: mask: 0xffffffffffffffff max_cycles: 0x2289d32e0a5, max_idle_ns: 440795246733 ns
[   18.880119] input: ImExPS/2 Generic Explorer Mouse as /devices/platform/i8042/serio1/input/input4
[   19.041533] e1000 0000:00:03.0 eth0: (PCI:33MHz:32-bit) 02:8e:6d:ef:3b:89
[   19.181495] e1000 0000:00:03.0 eth0: Intel(R) PRO/1000 Network Connection
[   19.627514] e1000 0000:00:08.0 eth1: (PCI:33MHz:32-bit) 08:00:27:b0:82:1c
[   19.642911] e1000 0000:00:08.0 eth1: Intel(R) PRO/1000 Network Connection
[   19.659329] e1000 0000:00:08.0 enp0s8: renamed from eth1
[   19.667220] mptbase: ioc0: Initiating bringup
[   19.705226] e1000 0000:00:03.0 enp0s3: renamed from eth0
[   19.789569] ioc0: LSI53C1030 A0: Capabilities={Initiator}
[   19.958771] scsi host2: ioc0: LSI53C1030 A0, FwRev=00000000h, Ports=1, MaxQ=256, IRQ=20
[   20.073784] scsi 2:0:0:0: Direct-Access     VBOX     HARDDISK         1.0  PQ: 0 ANSI: 5
[   20.113466] scsi target2:0:0: Beginning Domain Validation
[   20.124730] scsi target2:0:0: Domain Validation skipping write tests
[   20.202664] scsi target2:0:0: Ending Domain Validation
[   20.228446] scsi target2:0:0: asynchronous
[   20.236709] scsi 2:0:1:0: Direct-Access     VBOX     HARDDISK         1.0  PQ: 0 ANSI: 5
[   20.358182] scsi target2:0:1: Beginning Domain Validation
[   20.384955] scsi target2:0:1: Domain Validation skipping write tests
[   20.425597] scsi target2:0:1: Ending Domain Validation
[   20.450775] scsi target2:0:1: asynchronous
[   20.464713] sd 2:0:0:0: Attached scsi generic sg0 type 0
[   20.525646] sd 2:0:0:0: [sda] 20971520 512-byte logical blocks: (10.7 GB/10.0 GiB)
[   20.534142] sd 2:0:1:0: [sdb] 20480 512-byte logical blocks: (10.5 MB/10.0 MiB)
[   20.534357] sd 2:0:1:0: [sdb] Write Protect is off
[   20.534457] sd 2:0:1:0: [sdb] Incomplete mode parameter data
[   20.534459] sd 2:0:1:0: [sdb] Assuming drive cache: write through
[   20.572938] sd 2:0:1:0: Attached scsi generic sg1 type 0
[   20.575790] sd 2:0:1:0: [sdb] Attached SCSI disk
[   20.751849] sd 2:0:0:0: [sda] Write Protect is off
[   20.763225] sd 2:0:0:0: [sda] Incomplete mode parameter data
[   20.805454] sd 2:0:0:0: [sda] Assuming drive cache: write through
[   20.901744]  sda: sda1
[   20.947074] sd 2:0:0:0: [sda] Attached SCSI disk
[   21.645843] floppy0: no floppy controllers found
Begin: Loading e[   23.120599] md: linear personality registered for level -1
ssential drivers ... [   23.140540] md: multipath personality registered for level -4
[   23.147701] md: raid0 personality registered for level 0
[   23.158257] md: raid1 personality registered for level 1
[   23.232991] raid6: sse2x1   gen()  5604 MB/s
[   23.300910] raid6: sse2x1   xor()  5017 MB/s
[   23.368891] raid6: sse2x2   gen()  9292 MB/s
[   23.440675] raid6: sse2x2   xor()  6405 MB/s
[   23.513041] raid6: sse2x4   gen() 10889 MB/s
[   23.597103] raid6: sse2x4   xor()  8566 MB/s
[   23.617073] raid6: using algorithm sse2x4 gen() 10889 MB/s
[   23.645448] raid6: .... xor() 8566 MB/s, rmw enabled
[   23.646362] raid6: using ssse3x2 recovery algorithm
[   23.648781] xor: automatically using best checksumming function:
[   23.700803]    avx       : 20373.000 MB/sec
[   23.730830] async_tx: api initialized (async)
[   23.744425] md: raid6 personality registered for level 6
[   23.753954] md: raid5 personality registered for level 5
[   23.756784] md: raid4 personality registered for level 4
[   23.767981] md: raid10 personality registered for level 10
done.
Begin: Running /scripts/init-premount ... done[   23.810442] Btrfs loaded
.
Begin: Mounting root file system ... Begin: Running /scripts/local-top ... done.
Begin: Running /scripts/local-premount ... Scanning for Btrfs filesystems
done.
Warning: fsck no[   23.846127] EXT4-fs (sda1): INFO: recovery required on readonly filesystem
t present, so sk[   23.942313] EXT4-fs (sda1): write access will be enabled during recovery
ipping root file system
[   24.109537] EXT4-fs (sda1): recovery complete
[   24.158830] EXT4-fs (sda1): mounted filesystem with ordered data mode. Opts: (null)
done.
Begin: Running /scripts/local-bottom ... done.
Begin: Running /scripts/init-bottom ... done.
[   24.394242] systemd[1]: systemd 229 running in system mode. (+PAM +AUDIT +SELINUX +IMA +APPARMOR +SMACK +SYSVINIT +UTMP +LIBCRYPTSETUP +GCRYPT +GNUTLS +ACL +XZ -LZ4 +SECCOMP +BLKID +ELFUTILS +KMOD -IDN)
[   24.633173] systemd[1]: Detected virtualization oracle.
[   24.740838] systemd[1]: Detected architecture x86-64.

Welcome to [1mUbuntu 16.04.4 LTS[0m!

[   24.836188] systemd[1]: Set hostname to <ubuntu-xenial>.
[   25.132759] systemd[1]: Listening on udev Control Socket.
[[0;32m  OK  [0m] Listening on udev Control Socket.
[   25.227962] systemd[1]: Set up automount Arbitrary Executable File Formats File System Automount Point.
[[0;32m  OK  [0m] Set up automount Arbitrary Executab...ats File System Automount Point.
[   25.641179] systemd[1]: Reached target User and Group Name Lookups.
[[0;32m  OK  [0m] Reached target User and Group Name Lookups.
[   25.754423] systemd[1]: Created slice User and Session Slice.
[[0;32m  OK  [0m] Created slice User and Session Slice.
[   25.873257] systemd[1]: Listening on Device-mapper event daemon FIFOs.
[[0;32m  OK  [0m] Listening on Device-mapper event daemon FIFOs.
[   25.985504] systemd[1]: Started Forward Password Requests to Wall Directory Watch.
[[0;32m  OK  [0m] Started Forward Password Requests to Wall Directory Watch.
[   26.173838] systemd[1]: Listening on Syslog Socket.
[[0;32m  OK  [0m] Listening on Syslog Socket.
[   26.221955] systemd[1]: Listening on LVM2 metadata daemon socket.
[[0;32m  OK  [0m] Listening on LVM2 metadata daemon socket.
[   26.257969] systemd[1]: Listening on Journal Socket (/dev/log).
[[0;32m  OK  [0m] Listening on Journal Socket (/dev/log).
[   26.283926] systemd[1]: Listening on Journal Socket.
[[0;32m  OK  [0m] Listening on Journal Socket.
[   26.308737] systemd[1]: Listening on udev Kernel Socket.
[[0;32m  OK  [0m] Listening on udev Kernel Socket.
[   26.325673] systemd[1]: Reached target Swap.
[[0;32m  OK  [0m] Reached target Swap.
[   26.336727] systemd[1]: Reached target Encrypted Volumes.
[[0;32m  OK  [0m] Reached target Encrypted Volumes.
[   26.358256] systemd[1]: Listening on LVM2 poll daemon socket.
[[0;32m  OK  [0m] Listening on LVM2 poll daemon socket.
[   26.388286] systemd[1]: Created slice System Slice.
[[0;32m  OK  [0m] Created slice System Slice.
[   26.425643] systemd[1]: Mounting Debug File System...
         Mounting Debug File System...
[   26.446237] systemd[1]: Starting Load Kernel Modules...
         Starting Load Kernel Modules...
[   26.481936] systemd[1]: Starting Set console keymap...
         [   26.495488] Loading iSCSI transport class v2.0-870.
Starting Set console keymap...
[   26.510089] systemd[1]: Starting Create list of required static device nodes for the current kernel...
[   26.531185] random: nonblocking pool is initialized
         Starting Create list of required st... nodes for the current kernel...
[   26.561325] systemd[1]: Mounting Huge Pages File System...
         Mounting Huge Pages File System...
[   26.587677] systemd[1]: Starting Monitoring of LVM2 mirrors, snapshots etc. using dmeventd or progress polling...
[   26.604925] iscsi: registered transport (tcp)
         Starting Monitoring of LVM2 mirrors... dmeventd or progress polling...
[   26.636714] systemd[1]: Starting Uncomplicated firewall...
         Starting Uncomplicated firewall...
[   26.685678] systemd[1]: Mounting POSIX Message Queue File System...
         Mounting POSIX Message Queue File System...
[   26.728270] iscsi: registered transport (iser)
[   26.745212] systemd[1]: Starting Nameserver information manager...
         Starting Nameserver information manager...
[   26.769304] systemd[1]: Created slice system-serial\x2dgetty.slice.
[[0;32m  OK  [0m] Created slice system-serial\x2dgetty.slice.
[   26.810087] systemd[1]: Starting Remount Root and Kernel File Systems...
         Starting Remount Root and Kernel File Systems...
[   26.867367] systemd[1]: Started Trigger resolvconf update for networkd DNS.
[   26.879204] EXT4-fs (sda1): re-mounted. Opts: (null)
[[0;32m  OK  [0m] Started Trigger resolvconf update for networkd DNS.
[   26.889781] systemd[1]: Listening on Journal Audit Socket.
[[0;32m  OK  [0m] Listening on Journal Audit Socket.
[   26.945120] systemd[1]: Starting Journal Service...
         Starting Journal Service...
[   26.957595] systemd[1]: Listening on /dev/initctl Compatibility Named Pipe.
[[0;32m  OK  [0m] Listening on /dev/initctl Compatibility Named Pipe.
[   26.973243] systemd[1]: Reached target Slices.
[[0;32m  OK  [0m] Reached target Slices.
[   27.024407] systemd[1]: Mounted Debug File System.
[[0;32m  OK  [0m] Mounted Debug File System.
[   27.078317] systemd[1]: Mounted Huge Pages File System.
[[0;32m  OK  [0m] Mounted Huge Pages File System.
[   27.091808] systemd[1]: Mounted POSIX Message Queue File System.
[[0;32m  OK  [0m] Mounted POSIX Message Queue File System.
[   27.106611] systemd[1]: Started Journal Service.
[[0;32m  OK  [0m] Started Journal Service.
[[0;32m  OK  [0m] Started Load Kernel Modules.
[[0;32m  OK  [0m] Started Set console keymap.
[[0;32m  OK  [0m] Started Create list of required sta...ce nodes for the current kernel.
[[0;32m  OK  [0m] Started Uncomplicated firewall.
[[0;32m  OK  [0m] Started Remount Root and Kernel File Systems.
[[0;32m  OK  [0m] Started Nameserver information manager.
[[0;32m  OK  [0m] Started LVM2 metadata daemon.
         Starting udev Coldplug all Devices...
         Starting Initial cloud-init job (pre-networking)...
         Starting Load/Save Random Seed...
         Starting Create Static Device Nodes in /dev...
         Mounting FUSE Control File System...
         Starting Apply Kernel Variables...
         Starting Flush Journal to Persistent Storage...
[[0;32m  OK  [0m] Mounted FUSE Control File System.
[[0;32m  OK  [0m] Started Load/Save Random Seed.
[[0;32m  OK  [0m] Started Create Static Device Nodes in /dev.
[[0;32m  OK  [0m] Started Apply Kernel Variables.
[[0;32m  OK  [0m] Started Flush Journal to Persistent Storage.
[[0;32m  OK  [0m] Started Monitoring of LVM2 mirrors,...ng dmeventd or progress polling.
[[0;32m  OK  [0m] Started udev Coldplug all Devices.
         Starting udev Kernel Device Manager...
[[0;32m  OK  [0m] Started udev Kernel Device Manager.
[[0;32m  OK  [0m] Reached target Local File Systems (Pre).
[[0;32m  OK  [0m] Reached target Local File Systems.
         Starting Tell Plymouth To Write Out Runtime Data...
         Starting Create Volatile Files and Directories...
         Starting LSB: AppArmor initialization...
         Starting Set console font and keymap...
[[0;32m  OK  [0m] Started Dispatch Password Requests to Console Directory Watch.
[[0;32m  OK  [0m] Started Tell Plymouth To Write Out Runtime Data.
[[0;32m  OK  [0m] Started Create Volatile Files and Directories.
[[0;32m  OK  [0m] Reached target System Time Synchronized.
         Starting Update UTMP about System Boot/Shutdown...
[[0;32m  OK  [0m] Started LSB: AppArmor initialization.
[[0;32m  OK  [0m] Started Update UTMP about System Boot/Shutdown.
[[0;32m  OK  [0m] Found device /dev/ttyS0.
[[0;32m  OK  [0m] Started Set console font and keymap.
[[0;32m  OK  [0m] Created slice system-getty.slice.
[[0;32m  OK  [0m] Listening on Load/Save RF Kill Switch Status /dev/rfkill Watch.
[   15.675985] cloud-init[449]: Cloud-init v. 17.2 running 'init-local' at Sun, 02 Jun 2019 22:30:57 +0000. Up 15.38 seconds.
[[0;32m  OK  [0m] Found device 82540EM Gigabit Ethern...r (PRO/1000 MT Desktop Adapter).
[[0;32m  OK  [0m] Found device 82540EM Gigabit Ethern...r (PRO/1000 MT Desktop Adapter).
[[0;32m  OK  [0m] Started Initial cloud-init job (pre-networking).
[[0;32m  OK  [0m] Reached target Network (Pre).
[[0;32m  OK  [0m] Started ifup for enp0s3.
[[0;32m  OK  [0m] Started ifup for enp0s8.
         Starting Raise network interfaces...
[[0;32m  OK  [0m] Started Raise network interfaces.
[[0;32m  OK  [0m] Reached target Network.
         Starting Initial cloud-init job (metadata service crawler)...
[   19.115716] cloud-init[1066]: Cloud-init v. 17.2 running 'init' at Sun, 02 Jun 2019 22:31:01 +0000. Up 18.79 seconds.
[   19.253061] cloud-init[1066]: ci-info: ++++++++++++++++++++++++++++++++++++++Net device info++++++++++++++++++++++++++++++++++++++
[   19.416600] cloud-init[1066]: ci-info: +--------+------+-----------------------------+---------------+-------+-------------------+
[   19.417480] cloud-init[1066]: ci-info: | Device |  Up  |           Address           |      Mask     | Scope |     Hw-Address    |
[   19.417864] cloud-init[1066]: ci-info: +--------+------+-----------------------------+---------------+-------+-------------------+
[   19.418188] cloud-init[1066]: ci-info: | enp0s3 | True |          10.0.2.15          | 255.255.255.0 |   .   | 02:8e:6d:ef:3b:89 |
[   19.418509] cloud-init[1066]: ci-info: | enp0s3 | True |  fe80::8e:6dff:feef:3b89/64 |       .       |  link | 02:8e:6d:ef:3b:89 |
[   19.418864] cloud-init[1066]: ci-info: | enp0s8 | True |         192.168.3.2         | 255.255.255.0 |   .   | 08:00:27:b0:82:1c |
[   19.419182] cloud-init[1066]: ci-info: | enp0s8 | True | fe80::a00:27ff:feb0:821c/64 |       .       |  link | 08:00:27:b0:82:1c |
[   19.419500] cloud-init[1066]: ci-info: |   lo   | True |          127.0.0.1          |   255.0.0.0   |   .   |         .         |
[   19.419879] cloud-init[1066]: ci-info: |   lo   | True |           ::1/128           |       .       |  host |         .         |
[   19.420241] cloud-init[1066]: ci-info: +--------+------+-----------------------------+---------------+-------+-------------------+
[[0;32m  OK  [0m] Started Initial cloud-init job (metadata service crawler).
[[0;32m  OK  [0m] Reached target Cloud-config availability.
[[0;32m  OK  [0m[   19.420785] cloud-init[1066]: ci-info: +++++++++++++++++++++++++++Route IPv4 info++++++++++++++++++++++++++++
[   20.385193] cloud-init[1066]: ci-info: +-------+-------------+----------+---------------+-----------+-------+
[   20.388339] cloud-init[1066]: ci-info: | Route | Destination | Gateway  |    Genmask    | Interface | Flags |
[   20.390033] cloud-init[1066]: ci-info: +-------+-------------+----------+---------------+-----------+-------+
[   20.390950] cloud-init[1066]: ci-info: |   0   |   0.0.0.0   | 10.0.2.2 |    0.0.0.0    |   enp0s3  |   UG  |
[   20.391360] cloud-init[1066]: ci-info: |   1   |   10.0.2.0  | 0.0.0.0  | 255.255.255.0 |   enp0s3  |   U   |
[   20.391867] cloud-init[1066]: ci-info: |   2   | 192.168.3.0 | 0.0.0.0  | 255.255.255.0 |   enp0s8  |   U   |
[   20.392210] cloud-init[1066]: ci-info: +-------+-------------+----------+---------------+-----------+-------+
] Reached target System Initialization.
[[0;32m  OK  [0m] Listening on UUID daemon activation socket.
[[0;32m  OK  [0m] Started ACPI Events Check.
[[0;32m  OK  [0m] Reached target Paths.
[[0;32m  OK  [0m] Started Daily apt download activities.
[[0;32m  OK  [0m] Started Daily apt upgrade and clean activities.
         Starting Socket activation for snappy daemon.
[[0;32m  OK  [0m] Listening on ACPID Listen Socket.
[[0;32m  OK  [0m] Started Timer to automatically refresh installed snaps.
[[0;32m  OK  [0m] Listening on D-Bus System Message Bus Socket.
         Starting LXD - unix socket.
[[0;32m  OK  [0m] Started Daily Cleanup of Temporary Directories.
[[0;32m  OK  [0m] Reached target Timers.
         Starting Docker Socket for the API.
[[0;32m  OK  [0m] Reached target Network is Online.
         Starting iSCSI initiator daemon (iscsid)...
[[0;32m  OK  [0m] Listening on Socket activation for snappy daemon.
[[0;32m  OK  [0m] Listening on LXD - unix socket.
[[0;32m  OK  [0m] Listening on Docker Socket for the API.
[[0;32m  OK  [0m] Started iSCSI initiator daemon (iscsid).
         Starting Login to default iSCSI targets...
[[0;32m  OK  [0m] Reached target Sockets.
[[0;32m  OK  [0m] Reached target Basic System.
         Starting LXD - container startup/shutdown...
         Starting Accounts Service...
         Starting Login Service...
         Starting containerd container runtime...
[[0;32m  OK  [0m] Started ACPI event daemon.
         Starting Apply the settings specified in cloud-config...
[[0;32m  OK  [0m] Started Regular background program processing daemon.
[[0;32m  OK  [0m] Started Unattended Upgrades Shutdown.
[[0;32m  OK  [0m] Started Deferred execution scheduler.
         Starting LSB: MD monitoring daemon...
[[0;32m  OK  [0m] Started D-Bus System Message Bus.
         Starting OpenBSD Secure Shell server...
         Starting System Logging Service...
[[0;32m  OK  [0m] Started FUSE filesystem for LXC.
         Starting LSB: Record successful boot for GRUB...
         Starting /etc/rc.local Compatibility...
         Starting Snappy daemon...
[[0;32m  OK  [0m] Started OpenBSD Secure Shell server.
[[0;32m  OK  [0m] Started System Logging Service.
[[0;32m  OK  [0m] Started LXD - container startup/shutdown.
[[0;32m  OK  [0m] Started containerd container runtime.
[[0;32m  OK  [0m] Started /etc/rc.local Compatibility.
[[0;32m  OK  [0m] Started Login to default iSCSI targets.
[[0;32m  OK  [0m] Started Snappy daemon.
[[0;32m  OK  [0m] Started LSB: MD monitoring daemon.
[[0;32m  OK  [0m] Started Login Service.
[[0;32m  OK  [0m] Started LSB: Record successful boot for GRUB.
         Starting Authenticate and Authorize Users to Run Privileged Tasks...
[[0;32m  OK  [0m] Reached target Remote File Systems (Pre).
[[0;32m  OK  [0m] Reached target Remote File Systems.
         Starting LSB: automatic crash report generation...
         Starting Permit User Sessions...
         Starting LSB: VirtualBox Linux Additions...
         Starting LSB: Set the CPU Frequency Scaling governor to "ondemand"...
         Starting LSB: Set up cgroupfs mounts....
         Starting LSB: daemon to balance interrupts for SMP systems...
         Starting Docker Application Container Engine...
[[0;32m  OK  [0m] Started Permit User Sessions.
[[0;32m  OK  [0m] Started LSB: Set up cgroupfs mounts..
[[0;32m  OK  [0m] Started Authenticate and Authorize Users to Run Privileged Tasks.
[[0;32m  OK  [0m] Started Accounts Service.
         Starting Hold until boot process finishes up...
         Starting Terminate Plymouth Boot Screen...
[[0;32m  OK  [0m] Started LSB: Set the CPU Frequency Scaling governor to "ondemand".
[[0;32m  OK  [0m] Started Hold until boot process finishes up.
[[0;32m  OK  [0m] Started Terminate Plymouth Boot Screen.
[[0;32m  OK  [0m] Started Serial Getty on ttyS0.
[[0;32m  OK  [0m] Started Getty on tty1.
[[0;32m  OK  [0m] Reached target Login Prompts.
         Starting Set console scheme...
[[0;32m  OK  [0m] Started LSB: automatic crash report generation.
[[0;32m  OK  [0m] Started LSB: VirtualBox Linux Additions.
[[0;32m  OK  [0m] Started LSB: daemon to balance interrupts for SMP systems.
[[0;32m  OK  [0m] Started Set console scheme.
[[0;32m  OK  [0m] Created slice User Slice of vagrant.
         Starting User Manager for UID 1000...
[[0;32m  OK  [0m] Started Session 1 of user vagrant.
[[0;32m  OK  [0m] Started User Manager for UID 1000.
[   24.936954] cloud-init[1145]: Cloud-init v. 17.2 running 'modules:config' at Sun, 02 Jun 2019 22:31:06 +0000. Up 24.34 seconds.
[[0;32m  OK  [0m] Started Apply the settings specified in cloud-config.
[[0;32m  OK  [0m] Started Docker Application Container Engine.
[[0;32m  OK  [0m] Reached target Multi-User System.
         Starting Execute cloud user/final scripts...
[[0;32m  OK  [0m] Reached target Graphical Interface.
         Starting Update UTMP about System Runlevel Changes...
[[0;32m  OK  [0m] Started Update UTMP about System Runlevel Changes.
[   27.882763] cloud-init[2009]: Cloud-init v. 17.2 running 'modules:final' at Sun, 02 Jun 2019 22:31:09 +0000. Up 27.72 seconds.
[   27.953082] cloud-init[2009]: Cloud-init v. 17.2 finished at Sun, 02 Jun 2019 22:31:10 +0000. Datasource DataSourceNoCloud [seed=/dev/sdb][dsmode=net].  Up 27.87 seconds
[[0;32m  OK  [0m] Started Execute cloud user/final scripts.
[[0;32m  OK  [0m] Reached target Cloud-init target.

Ubuntu 16.04.4 LTS ubuntu-xenial ttyS0

ubuntu-xenial login: 